app/build/outputs/mapping/release/seeds.txt
com.example.dovspe.test2.ActivityAbout
com.example.dovspe.test2.ActivityAbout: ActivityAbout()
com.example.dovspe.test2.LevelSelectActivity
com.example.dovspe.test2.LevelSelectActivity: LevelSelectActivity()
com.example.dovspe.test2.MainActivity
com.example.dovspe.test2.MainActivity: MainActivity()
com.example.dovspe.test2.PlayActivity
com.example.dovspe.test2.PlayActivity: PlayActivity()
com.example.dovspe.test2.R$anim: int abc_fade_in
com.example.dovspe.test2.R$anim: int abc_fade_out
com.example.dovspe.test2.R$anim: int abc_grow_fade_in_from_bottom
com.example.dovspe.test2.R$anim: int abc_popup_enter
com.example.dovspe.test2.R$anim: int abc_popup_exit
com.example.dovspe.test2.R$anim: int abc_shrink_fade_out_from_bottom
com.example.dovspe.test2.R$anim: int abc_slide_in_bottom
com.example.dovspe.test2.R$anim: int abc_slide_in_top
com.example.dovspe.test2.R$anim: int abc_slide_out_bottom
com.example.dovspe.test2.R$anim: int abc_slide_out_top
com.example.dovspe.test2.R$anim: int abc_tooltip_enter
com.example.dovspe.test2.R$anim: int abc_tooltip_exit
com.example.dovspe.test2.R$attr: int actionBarDivider
com.example.dovspe.test2.R$attr: int actionBarItemBackground
com.example.dovspe.test2.R$attr: int actionBarPopupTheme
com.example.dovspe.test2.R$attr: int actionBarSize
com.example.dovspe.test2.R$attr: int actionBarSplitStyle
com.example.dovspe.test2.R$attr: int actionBarStyle
com.example.dovspe.test2.R$attr: int actionBarTabBarStyle
com.example.dovspe.test2.R$attr: int actionBarTabStyle
com.example.dovspe.test2.R$attr: int actionBarTabTextStyle
com.example.dovspe.test2.R$attr: int actionBarTheme
com.example.dovspe.test2.R$attr: int actionBarWidgetTheme
com.example.dovspe.test2.R$attr: int actionButtonStyle
com.example.dovspe.test2.R$attr: int actionDropDownStyle
com.example.dovspe.test2.R$attr: int actionLayout
com.example.dovspe.test2.R$attr: int actionMenuTextAppearance
com.example.dovspe.test2.R$attr: int actionMenuTextColor
com.example.dovspe.test2.R$attr: int actionModeBackground
com.example.dovspe.test2.R$attr: int actionModeCloseButtonStyle
com.example.dovspe.test2.R$attr: int actionModeCloseDrawable
com.example.dovspe.test2.R$attr: int actionModeCopyDrawable
com.example.dovspe.test2.R$attr: int actionModeCutDrawable
com.example.dovspe.test2.R$attr: int actionModeFindDrawable
com.example.dovspe.test2.R$attr: int actionModePasteDrawable
com.example.dovspe.test2.R$attr: int actionModePopupWindowStyle
com.example.dovspe.test2.R$attr: int actionModeSelectAllDrawable
com.example.dovspe.test2.R$bool: int abc_action_bar_embed_tabs
com.example.dovspe.test2.R$bool: int abc_allow_stacked_button_bar
com.example.dovspe.test2.R$bool: int abc_config_actionMenuItemAllCaps
...
androidx.appcompat.widget.AppCompatAutoCompleteTextView: AppCompatAutoCompleteTextView(android.content.Context)
androidx.appcompat.widget.AppCompatAutoCompleteTextView: AppCompatAutoCompleteTextView(android.content.Context,android.util.AttributeSet)
androidx.appcompat.widget.AppCompatAutoCompleteTextView: AppCompatAutoCompleteTextView(android.content.Context,android.util.AttributeSet,int)
androidx.appcompat.widget.AppCompatAutoCompleteTextView: void setDropDownBackgroundResource(int)
androidx.appcompat.widget.AppCompatAutoCompleteTextView: void setBackgroundResource(int)
androidx.appcompat.widget.AppCompatAutoCompleteTextView: void setBackgroundDrawable(android.graphics.drawable.Drawable)
androidx.appcompat.widget.AppCompatAutoCompleteTextView: void setSupportBackgroundTintList(android.content.res.ColorStateList)
androidx.appcompat.widget.AppCompatAutoCompleteTextView: android.content.res.ColorStateList getSupportBackgroundTintList()
androidx.appcompat.widget.AppCompatAutoCompleteTextView: void setSupportBackgroundTintMode(android.graphics.PorterDuff$Mode)
androidx.appcompat.widget.AppCompatAutoCompleteTextView: android.graphics.PorterDuff$Mode getSupportBackgroundTintMode()
androidx.appcompat.widget.AppCompatButton: void setBackgroundResource(int)
androidx.appcompat.widget.AppCompatButton: void setBackgroundDrawable(android.graphics.drawable.Drawable)
androidx.appcompat.widget.AppCompatButton: void setSupportBackgroundTintList(android.content.res.ColorStateList)
androidx.appcompat.widget.AppCompatButton: android.content.res.ColorStateList getSupportBackgroundTintList()
androidx.appcompat.widget.AppCompatButton: void setSupportBackgroundTintMode(android.graphics.PorterDuff$Mode)
androidx.appcompat.widget.AppCompatButton: android.graphics.PorterDuff$Mode getSupportBackgroundTintMode()
androidx.appcompat.widget.AppCompatButton: void setAutoSizeTextTypeWithDefaults(int)
androidx.appcompat.widget.AppCompatButton: int getAutoSizeTextType()
androidx.appcompat.widget.AppCompatButton: int getAutoSizeStepGranularity()
androidx.appcompat.widget.AppCompatButton: int getAutoSizeMinTextSize()
androidx.appcompat.widget.AppCompatButton: int getAutoSizeMaxTextSize()
androidx.appcompat.widget.AppCompatButton: int[] getAutoSizeTextAvailableSizes()
androidx.appcompat.widget.AppCompatButton: void setSupportAllCaps(boolean)
androidx.appcompat.widget.AppCompatCheckBox: void setButtonDrawable(android.graphics.drawable.Drawable)
androidx.appcompat.widget.AppCompatCheckBox: void setButtonDrawable(int)
androidx.appcompat.widget.AppCompatCheckBox: int getCompoundPaddingLeft()
androidx.appcompat.widget.AppCompatCheckBox: void setSupportButtonTintList(android.content.res.ColorStateList)
androidx.appcompat.widget.AppCompatCheckBox: android.content.res.ColorStateList getSupportButtonTintList()
androidx.appcompat.widget.AppCompatCheckBox: void setSupportButtonTintMode(android.graphics.PorterDuff$Mode)
androidx.appcompat.widget.AppCompatCheckBox: android.graphics.PorterDuff$Mode getSupportButtonTintMode()
androidx.appcompat.widget.AppCompatCheckedTextView: void setCheckMarkDrawable(int)
androidx.appcompat.widget.AppCompatEditText: android.text.Editable getText()
androidx.appcompat.widget.AppCompatEditText: void setBackgroundResource(int)
androidx.appcompat.widget.AppCompatEditText: void setBackgroundDrawable(android.graphics.drawable.Drawable)
androidx.appcompat.widget.AppCompatEditText: void setSupportBackgroundTintList(android.content.res.ColorStateList)
androidx.appcompat.widget.AppCompatEditText: android.content.res.ColorStateList getSupportBackgroundTintList()
androidx.appcompat.widget.AppCompatEditText: void setSupportBackgroundTintMode(android.graphics.PorterDuff$Mode)
androidx.appcompat.widget.AppCompatEditText: android.graphics.PorterDuff$Mode getSupportBackgroundTintMode()
androidx.appcompat.widget.AppCompatEditText: java.lang.CharSequence getText()