app/build/outputs/mapping/release/mapping.txt
com.example.dovspe.test2.ActivityAbout -> com.example.dovspe.test2.ActivityAbout:
    java.util.HashMap _$_findViewCache -> a
    void onCreate(android.os.Bundle) -> onCreate
    void <init>() -> <init>
    android.view.View _$_findCachedViewById(int) -> a
com.example.dovspe.test2.ActivityAbout$onCreate$1 -> com.example.dovspe.test2.ActivityAbout$a:
    com.example.dovspe.test2.ActivityAbout this$0 -> a
    void onClick(android.view.View) -> onClick
    void <init>(com.example.dovspe.test2.ActivityAbout) -> <init>
com.example.dovspe.test2.DatabaseHandler -> com.example.dovspe.test2.a:
    void <init>(android.content.Context) -> <init>
    void onCreate(android.database.sqlite.SQLiteDatabase) -> onCreate
    void onUpgrade(android.database.sqlite.SQLiteDatabase,int,int) -> onUpgrade
    void onDowngrade(android.database.sqlite.SQLiteDatabase,int,int) -> onDowngrade
    long add(com.example.dovspe.test2.Duomenys) -> a
    java.util.List getAll() -> a
com.example.dovspe.test2.Duomenys -> com.example.dovspe.test2.b:
    int id -> a
    int sunkumas -> b
    int sugeneruotas_sk -> c
    int spejimu -> d
    int liko_spejimu -> e
    void <init>(int,int,int,int,int) -> <init>
    void <init>() -> <init>
com.example.dovspe.test2.LevelSelectActivity -> com.example.dovspe.test2.LevelSelectActivity:
    java.lang.String SUNKUMAS -> a
    java.util.HashMap _$_findViewCache -> b
    java.lang.String getSUNKUMAS() -> a
    void onCreate(android.os.Bundle) -> onCreate
    void <init>() -> <init>
    android.view.View _$_findCachedViewById(int) -> a
com.example.dovspe.test2.LevelSelectActivity$onCreate$1 -> com.example.dovspe.test2.LevelSelectActivity$a:
    com.example.dovspe.test2.LevelSelectActivity this$0 -> a
    android.content.SharedPreferences$Editor $editor -> b
    android.content.Intent $intent -> c
    void onClick(android.view.View) -> onClick
    void <init>(com.example.dovspe.test2.LevelSelectActivity,android.content.SharedPreferences$Editor,android.content.Intent) -> <init>
com.example.dovspe.test2.LevelSelectActivity$onCreate$2 -> com.example.dovspe.test2.LevelSelectActivity$b:
    com.example.dovspe.test2.LevelSelectActivity this$0 -> a
    android.content.SharedPreferences$Editor $editor -> b
    android.content.Intent $intent -> c
    void onClick(android.view.View) -> onClick
    void <init>(com.example.dovspe.test2.LevelSelectActivity,android.content.SharedPreferences$Editor,android.content.Intent) -> <init>
com.example.dovspe.test2.LevelSelectActivity$onCreate$3 -> com.example.dovspe.test2.LevelSelectActivity$c:
    com.example.dovspe.test2.LevelSelectActivity this$0 -> a
    android.content.SharedPreferences$Editor $editor -> b
    android.content.Intent $intent -> c
    void onClick(android.view.View) -> onClick
    void <init>(com.example.dovspe.test2.LevelSelectActivity,android.content.SharedPreferences$Editor,android.content.Intent) -> <init>
com.example.dovspe.test2.LevelSelectActivity$onCreate$4 -> com.example.dovspe.test2.LevelSelectActivity$d:
    com.example.dovspe.test2.LevelSelectActivity this$0 -> a
    void onClick(android.view.View) -> onClick
    void <init>(com.example.dovspe.test2.LevelSelectActivity) -> <init>
com.example.dovspe.test2.LevelSelectActivity$onCreate$5 -> com.example.dovspe.test2.LevelSelectActivity$e:
    com.example.dovspe.test2.LevelSelectActivity this$0 -> a
    void onClick(android.view.View) -> onClick
    void <init>(com.example.dovspe.test2.LevelSelectActivity) -> <init>
com.example.dovspe.test2.MainActivity -> com.example.dovspe.test2.MainActivity:
    java.util.HashMap _$_findViewCache -> a
    void onCreate(android.os.Bundle) -> onCreate
    void <init>() -> <init>
    android.view.View _$_findCachedViewById(int) -> a
com.example.dovspe.test2.MainActivity$onCreate$1 -> com.example.dovspe.test2.MainActivity$a:
    com.example.dovspe.test2.MainActivity this$0 -> a
    void onClick(android.view.View) -> onClick
    void <init>(com.example.dovspe.test2.MainActivity) -> <init>
...
androidx.appcompat.view.menu.MenuBuilder$Callback -> androidx.appcompat.view.menu.g$a:
    boolean onMenuItemSelected(androidx.appcompat.view.menu.MenuBuilder,android.view.MenuItem) -> a
    void onMenuModeChange(androidx.appcompat.view.menu.MenuBuilder) -> a
androidx.appcompat.view.menu.MenuBuilder$ItemInvoker -> androidx.appcompat.view.menu.g$b:
    boolean invokeItem(androidx.appcompat.view.menu.MenuItemImpl) -> a
androidx.appcompat.view.menu.MenuItemImpl -> androidx.appcompat.view.menu.h:
    int mId -> b
    int mGroup -> c
    int mCategoryOrder -> d
    int mOrdering -> e
    java.lang.CharSequence mTitle -> f
    java.lang.CharSequence mTitleCondensed -> g
    android.content.Intent mIntent -> h
    char mShortcutNumericChar -> i
    int mShortcutNumericModifiers -> j
    char mShortcutAlphabeticChar -> k
    int mShortcutAlphabeticModifiers -> l
    android.graphics.drawable.Drawable mIconDrawable -> m
    int mIconResId -> n
    androidx.appcompat.view.menu.MenuBuilder mMenu -> a
    androidx.appcompat.view.menu.SubMenuBuilder mSubMenu -> o
    java.lang.Runnable mItemCallback -> p
    android.view.MenuItem$OnMenuItemClickListener mClickListener -> q
    java.lang.CharSequence mContentDescription -> r
    java.lang.CharSequence mTooltipText -> s
    android.content.res.ColorStateList mIconTintList -> t
    android.graphics.PorterDuff$Mode mIconTintMode -> u
    boolean mHasIconTint -> v
    boolean mHasIconTintMode -> w
    boolean mNeedToApplyIconTint -> x
    int mFlags -> y
    int mShowAsAction -> z
    android.view.View mActionView -> A
    androidx.core.view.ActionProvider mActionProvider -> B
    android.view.MenuItem$OnActionExpandListener mOnActionExpandListener -> C
    boolean mIsActionViewExpanded -> D
    android.view.ContextMenu$ContextMenuInfo mMenuInfo -> E
androidx.appcompat.view.menu.MenuItemImpl$1 -> androidx.appcompat.view.menu.h$1:
    androidx.appcompat.view.menu.MenuItemImpl this$0 -> a
    void <init>(androidx.appcompat.view.menu.MenuItemImpl) -> <init>
    void onActionProviderVisibilityChanged(boolean) -> a
androidx.appcompat.view.menu.MenuItemWrapperICS -> androidx.appcompat.view.menu.i:
    java.lang.reflect.Method mSetExclusiveCheckableMethod -> c
    void <init>(android.content.Context,androidx.core.internal.view.SupportMenuItem) -> <init>
    int getItemId() -> getItemId
    int getGroupId() -> getGroupId
    int getOrder() -> getOrder
    android.view.MenuItem setTitle(java.lang.CharSequence) -> setTitle
    android.view.MenuItem setTitle(int) -> setTitle
    java.lang.CharSequence getTitle() -> getTitle
    android.view.MenuItem setTitleCondensed(java.lang.CharSequence) -> setTitleCondensed
    java.lang.CharSequence getTitleCondensed() -> getTitleCondensed
    android.view.MenuItem setIcon(android.graphics.drawable.Drawable) -> setIcon
    android.view.MenuItem setIcon(int) -> setIcon
    android.graphics.drawable.Drawable getIcon() -> getIcon
    android.view.MenuItem setIntent(android.content.Intent) -> setIntent
    android.content.Intent getIntent() -> getIntent
    android.view.MenuItem setShortcut(char,char) -> setShortcut
    android.view.MenuItem setShortcut(char,char,int,int) -> setShortcut
    android.view.MenuItem setNumericShortcut(char) -> setNumericShortcut
    android.view.MenuItem setNumericShortcut(char,int) -> setNumericShortcut
    char getNumericShortcut() -> getNumericShortcut
    int getNumericModifiers() -> getNumericModifiers
    android.view.MenuItem setAlphabeticShortcut(char) -> setAlphabeticShortcut