app/build/outputs/mapping/release/usage.txt
com.example.dovspe.test2.ActivityAbout:
    public void _$_clearFindViewByIdCache()
com.example.dovspe.test2.BuildConfig
com.example.dovspe.test2.DatabaseHandler:
    private static final int DATADABASE_VERSION
    private static final java.lang.String DATABASE_NAME
    private static final java.lang.String TABLE_WL
    private static final java.lang.String KEY_ID
    private static final java.lang.String KEY_SUNKUMAS
    private static final java.lang.String KEY_SUGENERUOTAS_SK
    private static final java.lang.String KEY_SPEJIMU_SK
    private static final java.lang.String KEY_LIKO_SPEJIMU
    44:51:public void createTable()
com.example.dovspe.test2.LevelSelectActivity:
    public void _$_clearFindViewByIdCache()
com.example.dovspe.test2.MainActivity:
    public void _$_clearFindViewByIdCache()
com.example.dovspe.test2.PlayActivity:
    15:15:public final java.lang.String getSUNKUMAS()
    16:16:public final java.lang.String getArLaimejo()
    17:17:public final int getSpejimu_kiekis()
    17:17:public final void setSpejimu_kiekis(int)
    18:18:public final int getSkaicius()
    18:18:public final void setSkaicius(int)
    19:19:public final int getSunkumas()
    19:19:public final void setSunkumas(int)
    20:20:public final int getSpejimu_liko()
    20:20:public final void setSpejimu_liko(int)
    public void _$_clearFindViewByIdCache()
com.example.dovspe.test2.R:
    10:10:public R()
com.example.dovspe.test2.R$anim
com.example.dovspe.test2.R$attr
com.example.dovspe.test2.R$bool
com.example.dovspe.test2.R$color
com.example.dovspe.test2.R$dimen
com.example.dovspe.test2.R$drawable
com.example.dovspe.test2.R$id:
    3407:3407:public R$id()
com.example.dovspe.test2.R$integer
com.example.dovspe.test2.R$layout
com.example.dovspe.test2.R$mipmap
com.example.dovspe.test2.R$raw
com.example.dovspe.test2.R$string
com.example.dovspe.test2.R$style
com.example.dovspe.test2.R$styleable
com.example.dovspe.test2.SettingActivity:
    15:15:public final java.lang.String getVARDAS()
    16:16:public final java.lang.String getAMZIUS()
    17:17:public final java.lang.String getGARSAS()
    public void _$_clearFindViewByIdCache()
com.example.dovspe.test2.StatsActivity:
    public void _$_clearFindViewByIdCache()
com.example.dovspe.test2.StatsActivity$MyCustomAdapter:
    35:35:public final com.example.dovspe.test2.DatabaseHandler getDbHandle()
    35:35:public final void setDbHandle(com.example.dovspe.test2.DatabaseHandler)
    36:36:public final java.util.List getDuom()
com.example.dovspe.test2.WinLoseActivity:
    14:14:public final java.lang.String getArLaimejo()
    public void _$_clearFindViewByIdCache()
...
kotlin.sequences.Sequence
kotlin.sequences.SequencesKt
kotlin.sequences.SequencesKt__SequencesJVMKt
kotlin.sequences.SequencesKt__SequencesKt
kotlin.sequences.SequencesKt__SequencesKt$Sequence$1
kotlin.sequences.SequencesKt__SequencesKt$asSequence$$inlined$Sequence$1
kotlin.sequences.SequencesKt__SequencesKt$flatten$1
kotlin.sequences.SequencesKt__SequencesKt$flatten$2
kotlin.sequences.SequencesKt__SequencesKt$flatten$3
kotlin.sequences.SequencesKt__SequencesKt$generateSequence$1
kotlin.sequences.SequencesKt__SequencesKt$generateSequence$2
kotlin.sequences.SequencesKt___SequencesJvmKt
kotlin.sequences.SequencesKt___SequencesJvmKt$filterIsInstance$1
kotlin.sequences.SequencesKt___SequencesKt
kotlin.sequences.SequencesKt___SequencesKt$asIterable$$inlined$Iterable$1
kotlin.sequences.SequencesKt___SequencesKt$distinct$1
kotlin.sequences.SequencesKt___SequencesKt$elementAt$1
kotlin.sequences.SequencesKt___SequencesKt$filterIndexed$1
kotlin.sequences.SequencesKt___SequencesKt$filterIndexed$2
kotlin.sequences.SequencesKt___SequencesKt$filterIsInstance$1
kotlin.sequences.SequencesKt___SequencesKt$filterNotNull$1
kotlin.sequences.SequencesKt___SequencesKt$flatMap$1
kotlin.sequences.SequencesKt___SequencesKt$groupingBy$1
kotlin.sequences.SequencesKt___SequencesKt$minus$1
kotlin.sequences.SequencesKt___SequencesKt$minus$1$iterator$1
kotlin.sequences.SequencesKt___SequencesKt$minus$2
kotlin.sequences.SequencesKt___SequencesKt$minus$2$iterator$1
kotlin.sequences.SequencesKt___SequencesKt$minus$3
kotlin.sequences.SequencesKt___SequencesKt$minus$3$iterator$1
kotlin.sequences.SequencesKt___SequencesKt$minus$4
kotlin.sequences.SequencesKt___SequencesKt$minus$4$iterator$1
kotlin.sequences.SequencesKt___SequencesKt$onEach$1
kotlin.sequences.SequencesKt___SequencesKt$requireNoNulls$1
kotlin.sequences.SequencesKt___SequencesKt$sorted$1
kotlin.sequences.SequencesKt___SequencesKt$sortedWith$1
kotlin.sequences.SequencesKt___SequencesKt$zip$1
kotlin.sequences.SequencesKt___SequencesKt$zipWithNext$1
kotlin.sequences.SequencesKt___SequencesKt$zipWithNext$2
kotlin.sequences.SubSequence
kotlin.sequences.SubSequence$iterator$1
kotlin.sequences.TakeSequence
kotlin.sequences.TakeSequence$iterator$1
kotlin.sequences.TakeWhileSequence
kotlin.sequences.TakeWhileSequence$iterator$1
kotlin.sequences.TransformingIndexedSequence
kotlin.sequences.TransformingIndexedSequence$iterator$1
kotlin.sequences.TransformingSequence
kotlin.sequences.TransformingSequence$iterator$1
kotlin.system.ProcessKt
kotlin.system.TimingKt
kotlin.text.CharCategory
kotlin.text.CharCategory$Companion
kotlin.text.CharCategory$Companion$categoryMap$2
kotlin.text.CharDirectionality
kotlin.text.CharDirectionality$Companion
kotlin.text.CharDirectionality$Companion$directionalityMap$2
kotlin.text.CharsKt
kotlin.text.CharsKt__CharJVMKt
kotlin.text.CharsKt__CharKt
kotlin.text.Charsets
kotlin.text.CharsetsKt
kotlin.text.DelimitedRangesSequence
kotlin.text.DelimitedRangesSequence$iterator$1
kotlin.text.FlagEnum
kotlin.text.MatchGroup
kotlin.text.MatchGroupCollection
kotlin.text.MatchNamedGroupCollection
kotlin.text.MatchResult
kotlin.text.MatchResult$DefaultImpls
kotlin.text.MatchResult$Destructured
kotlin.text.MatcherMatchResult
kotlin.text.MatcherMatchResult$groupValues$1
kotlin.text.MatcherMatchResult$groups$1
kotlin.text.MatcherMatchResult$groups$1$iterator$1
kotlin.text.Regex
kotlin.text.Regex$Companion
kotlin.text.Regex$Serialized
kotlin.text.Regex$Serialized$Companion
kotlin.text.Regex$findAll$1
kotlin.text.Regex$findAll$2
kotlin.text.Regex$fromInt$$inlined$apply$lambda$1
kotlin.text.RegexKt
kotlin.text.RegexKt$fromInt$$inlined$apply$lambda$1
kotlin.text.RegexOption
kotlin.text.ScreenFloatValueRegEx
kotlin.text.StringsKt
kotlin.text.StringsKt__IndentKt
kotlin.text.StringsKt__IndentKt$getIndentFunction$1
kotlin.text.StringsKt__IndentKt$getIndentFunction$2
kotlin.text.StringsKt__IndentKt$prependIndent$1
kotlin.text.StringsKt__RegexExtensionsJVMKt
kotlin.text.StringsKt__RegexExtensionsKt